0 verbose cli C:\Program Files\nodejs\node.exe C:\Users\Usuário\AppData\Roaming\npm\node_modules\npm\bin\npm-cli.js
1 info using npm@11.11.0
2 info using node@v24.11.1
3 silly config load:file:C:\Users\Usuário\AppData\Roaming\npm\node_modules\npm\npmrc
4 silly config load:file:D:\Vitor_Tec\JVBSystem\website_jvbsystem\.npmrc
5 silly config load:file:C:\Users\Usuário\.npmrc
6 silly config load:file:C:\Users\Usuário\AppData\Roaming\npm\etc\npmrc
7 verbose title npm install
8 verbose argv "install"
9 verbose logfile logs-max:10 dir:D:\Vitor_Tec\JVBSystem\website_jvbsystem\npm-cache\_logs\2026-03-22T14_20_59_516Z-
10 verbose logfile D:\Vitor_Tec\JVBSystem\website_jvbsystem\npm-cache\_logs\2026-03-22T14_20_59_516Z-debug-0.log
11 silly logfile start cleaning logs, removing 1 files
12 silly packumentCache heap:4496293888 maxSize:1124073472 maxEntrySize:562036736
13 silly logfile done cleaning log files
14 silly idealTree buildDeps
15 silly fetch manifest @types/node@^20
16 silly packumentCache full:https://registry.npmjs.org/@types%2fnode cache-miss
17 http fetch GET 200 https://registry.npmjs.org/@types%2fnode 1463ms (cache revalidated)
18 silly packumentCache full:https://registry.npmjs.org/@types%2fnode set size:10939971 disposed:false
19 silly fetch manifest @types/react@^18
20 silly packumentCache full:https://registry.npmjs.org/@types%2freact cache-miss
21 http fetch GET 200 https://registry.npmjs.org/@types%2freact 273ms (cache revalidated)
22 silly packumentCache full:https://registry.npmjs.org/@types%2freact set size:2588986 disposed:false
23 silly fetch manifest @types/react-dom@^18
24 silly packumentCache full:https://registry.npmjs.org/@types%2freact-dom cache-miss
25 http fetch GET 200 https://registry.npmjs.org/@types%2freact-dom 667ms (cache miss)
26 silly packumentCache full:https://registry.npmjs.org/@types%2freact-dom set size:undefined disposed:false
27 silly fetch manifest tailwindcss@^3
28 silly packumentCache full:https://registry.npmjs.org/tailwindcss cache-miss
29 http fetch GET 200 https://registry.npmjs.org/tailwindcss 201ms (cache revalidated)
30 silly packumentCache full:https://registry.npmjs.org/tailwindcss set size:10288447 disposed:false
31 silly placeDep ROOT @types/node@20.19.37 REPLACE for: jvbsystems@0.1.0 want: ^20
32 silly placeDep ROOT @types/react@18.3.28 REPLACE for: jvbsystems@0.1.0 want: ^18
33 silly placeDep ROOT @types/react-dom@18.3.7 OK for: jvbsystems@0.1.0 want: ^18
34 silly placeDep ROOT tailwindcss@3.4.19 REPLACE for: jvbsystems@0.1.0 want: ^3
35 silly fetch manifest undici-types@~6.21.0
36 silly packumentCache full:https://registry.npmjs.org/undici-types cache-miss
37 silly fetch manifest @types/prop-types@*
38 silly packumentCache full:https://registry.npmjs.org/@types%2fprop-types cache-miss
39 silly fetch manifest arg@^5.0.2
40 silly packumentCache full:https://registry.npmjs.org/arg cache-miss
41 silly fetch manifest dlv@^1.1.3
42 silly packumentCache full:https://registry.npmjs.org/dlv cache-miss
43 silly fetch manifest jiti@^1.21.7
44 silly packumentCache full:https://registry.npmjs.org/jiti cache-miss
45 http fetch GET 200 https://registry.npmjs.org/@types%2fprop-types 197ms (cache miss)
46 silly packumentCache full:https://registry.npmjs.org/@types%2fprop-types set size:undefined disposed:false
47 silly fetch manifest is-glob@^4.0.3
48 silly packumentCache full:https://registry.npmjs.org/is-glob cache-miss
49 http fetch GET 200 https://registry.npmjs.org/dlv 415ms (cache miss)
50 silly packumentCache full:https://registry.npmjs.org/dlv set size:undefined disposed:false
51 silly fetch manifest resolve@^1.22.8
52 silly packumentCache full:https://registry.npmjs.org/resolve cache-miss
53 http fetch GET 200 https://registry.npmjs.org/is-glob 218ms (cache miss)
54 silly packumentCache full:https://registry.npmjs.org/is-glob set size:undefined disposed:false
55 silly fetch manifest sucrase@^3.35.0
56 silly packumentCache full:https://registry.npmjs.org/sucrase cache-miss
57 http fetch GET 200 https://registry.npmjs.org/undici-types 429ms (cache revalidated)
58 silly packumentCache full:https://registry.npmjs.org/undici-types set size:190052 disposed:false
59 silly fetch manifest chokidar@^3.6.0
60 silly packumentCache full:https://registry.npmjs.org/chokidar cache-miss
61 http fetch GET 200 https://registry.npmjs.org/jiti 533ms (cache revalidated)
62 silly packumentCache full:https://registry.npmjs.org/jiti set size:382310 disposed:false
63 silly fetch manifest fast-glob@^3.3.2
64 silly packumentCache full:https://registry.npmjs.org/fast-glob cache-miss
65 http fetch GET 200 https://registry.npmjs.org/chokidar 179ms (cache miss)
66 silly packumentCache full:https://registry.npmjs.org/chokidar set size:undefined disposed:false
67 silly fetch manifest lilconfig@^3.1.3
68 silly packumentCache full:https://registry.npmjs.org/lilconfig cache-miss
69 http fetch GET 200 https://registry.npmjs.org/sucrase 231ms (cache miss)
70 silly packumentCache full:https://registry.npmjs.org/sucrase set size:undefined disposed:false
71 silly fetch manifest didyoumean@^1.2.2
72 silly packumentCache full:https://registry.npmjs.org/didyoumean cache-miss
73 http fetch GET 200 https://registry.npmjs.org/arg 660ms (cache miss)
74 silly packumentCache full:https://registry.npmjs.org/arg set size:undefined disposed:false
75 silly fetch manifest micromatch@^4.0.8
76 silly packumentCache full:https://registry.npmjs.org/micromatch cache-miss
77 http fetch GET 200 https://registry.npmjs.org/lilconfig 147ms (cache miss)
78 silly packumentCache full:https://registry.npmjs.org/lilconfig set size:undefined disposed:false
79 silly fetch manifest postcss-js@^4.0.1
80 silly packumentCache full:https://registry.npmjs.org/postcss-js cache-miss
81 http fetch GET 200 https://registry.npmjs.org/fast-glob 317ms (cache miss)
82 silly packumentCache full:https://registry.npmjs.org/fast-glob set size:undefined disposed:false
83 silly fetch manifest glob-parent@^6.0.2
84 silly packumentCache full:https://registry.npmjs.org/glob-parent cache-miss
85 http fetch GET 200 https://registry.npmjs.org/postcss-js 162ms (cache miss)
86 silly packumentCache full:https://registry.npmjs.org/postcss-js set size:undefined disposed:false
87 silly fetch manifest object-hash@^3.0.0
88 silly packumentCache full:https://registry.npmjs.org/object-hash cache-miss
89 http fetch GET 200 https://registry.npmjs.org/didyoumean 378ms (cache miss)
90 silly packumentCache full:https://registry.npmjs.org/didyoumean set size:undefined disposed:false
91 silly fetch manifest normalize-path@^3.0.0
92 silly packumentCache full:https://registry.npmjs.org/normalize-path cache-miss
93 http fetch GET 200 https://registry.npmjs.org/micromatch 393ms (cache miss)
94 silly packumentCache full:https://registry.npmjs.org/micromatch set size:undefined disposed:false
95 silly fetch manifest postcss-import@^15.1.0
96 silly packumentCache full:https://registry.npmjs.org/postcss-import cache-miss
97 http fetch GET 200 https://registry.npmjs.org/resolve 699ms (cache miss)
98 silly packumentCache full:https://registry.npmjs.org/resolve set size:undefined disposed:false
99 silly fetch manifest postcss-nested@^6.2.0
100 silly packumentCache full:https://registry.npmjs.org/postcss-nested cache-miss
101 http fetch GET 200 https://registry.npmjs.org/glob-parent 291ms (cache miss)
102 silly packumentCache full:https://registry.npmjs.org/glob-parent set size:undefined disposed:false
103 silly fetch manifest postcss-load-config@^4.0.2 || ^5.0 || ^6.0
104 silly packumentCache full:https://registry.npmjs.org/postcss-load-config cache-miss
105 http fetch GET 200 https://registry.npmjs.org/normalize-path 193ms (cache miss)
106 silly packumentCache full:https://registry.npmjs.org/normalize-path set size:undefined disposed:false
107 silly fetch manifest postcss-selector-parser@^6.1.2
108 silly packumentCache full:https://registry.npmjs.org/postcss-selector-parser cache-miss
109 http fetch GET 200 https://registry.npmjs.org/object-hash 346ms (cache miss)
110 silly packumentCache full:https://registry.npmjs.org/object-hash set size:undefined disposed:false
111 http fetch GET 200 https://registry.npmjs.org/postcss-import 348ms (cache miss)
112 silly packumentCache full:https://registry.npmjs.org/postcss-import set size:undefined disposed:false
113 http fetch GET 200 https://registry.npmjs.org/postcss-selector-parser 200ms (cache miss)
114 silly packumentCache full:https://registry.npmjs.org/postcss-selector-parser set size:undefined disposed:false
115 http fetch GET 200 https://registry.npmjs.org/postcss-load-config 299ms (cache miss)
116 silly packumentCache full:https://registry.npmjs.org/postcss-load-config set size:undefined disposed:false
117 http fetch GET 200 https://registry.npmjs.org/postcss-nested 578ms (cache miss)
118 silly packumentCache full:https://registry.npmjs.org/postcss-nested set size:undefined disposed:false
119 silly fetch manifest tailwindcss@4.2.2
120 silly packumentCache full:https://registry.npmjs.org/tailwindcss cache-miss
121 http cache https://registry.npmjs.org/tailwindcss 26ms (cache hit)
122 silly packumentCache full:https://registry.npmjs.org/tailwindcss set size:10288447 disposed:false
123 silly placeDep node_modules/@tailwindcss/node tailwindcss@4.2.2 OK for: @tailwindcss/node@4.2.2 want: 4.2.2
124 silly placeDep node_modules/@tailwindcss/postcss tailwindcss@4.2.2 OK for: @tailwindcss/postcss@4.2.2 want: 4.2.2
125 silly placeDep ROOT undici-types@6.21.0 OK for: @types/node@20.19.37 want: ~6.21.0
126 silly placeDep ROOT @types/prop-types@15.7.15 OK for: @types/react@18.3.28 want: *
127 silly fetch manifest postcss@^8.4.47
128 silly packumentCache full:https://registry.npmjs.org/postcss cache-miss
129 http fetch GET 200 https://registry.npmjs.org/postcss 349ms (cache revalidated)
130 silly packumentCache full:https://registry.npmjs.org/postcss set size:702266 disposed:false
131 silly fetch manifest tsx@^4.8.1
132 silly packumentCache full:https://registry.npmjs.org/tsx cache-miss
133 http fetch GET 200 https://registry.npmjs.org/tsx 372ms (cache miss)
134 silly packumentCache full:https://registry.npmjs.org/tsx set size:undefined disposed:false
135 silly fetch manifest yaml@^2.4.2
136 silly packumentCache full:https://registry.npmjs.org/yaml cache-miss
137 http fetch GET 200 https://registry.npmjs.org/yaml 227ms (cache miss)
138 silly packumentCache full:https://registry.npmjs.org/yaml set size:undefined disposed:false
139 silly placeDep ROOT arg@5.0.2 OK for: tailwindcss@3.4.19 want: ^5.0.2
140 silly placeDep ROOT chokidar@3.6.0 OK for: tailwindcss@3.4.19 want: ^3.6.0
141 silly placeDep ROOT didyoumean@1.2.2 OK for: tailwindcss@3.4.19 want: ^1.2.2
142 silly placeDep ROOT dlv@1.1.3 OK for: tailwindcss@3.4.19 want: ^1.1.3
143 silly placeDep ROOT fast-glob@3.3.3 OK for: tailwindcss@3.4.19 want: ^3.3.2
144 silly placeDep ROOT glob-parent@6.0.2 OK for: tailwindcss@3.4.19 want: ^6.0.2
145 silly placeDep ROOT is-glob@4.0.3 OK for: tailwindcss@3.4.19 want: ^4.0.3
146 silly placeDep node_modules/tailwindcss jiti@1.21.7 OK for: tailwindcss@3.4.19 want: ^1.21.7
147 silly placeDep ROOT lilconfig@3.1.3 OK for: tailwindcss@3.4.19 want: ^3.1.3
148 silly placeDep ROOT micromatch@4.0.8 OK for: tailwindcss@3.4.19 want: ^4.0.8
149 silly placeDep ROOT normalize-path@3.0.0 OK for: tailwindcss@3.4.19 want: ^3.0.0
150 silly placeDep ROOT object-hash@3.0.0 OK for: tailwindcss@3.4.19 want: ^3.0.0
151 silly placeDep ROOT postcss-import@15.1.0 OK for: tailwindcss@3.4.19 want: ^15.1.0
152 silly placeDep ROOT postcss-js@4.1.0 OK for: tailwindcss@3.4.19 want: ^4.0.1
153 silly placeDep ROOT postcss-load-config@6.0.1 OK for: tailwindcss@3.4.19 want: ^4.0.2 || ^5.0 || ^6.0
154 silly placeDep ROOT postcss-nested@6.2.0 OK for: tailwindcss@3.4.19 want: ^6.2.0
155 silly placeDep ROOT postcss-selector-parser@6.1.2 OK for: tailwindcss@3.4.19 want: ^6.1.2
156 silly placeDep ROOT resolve@1.22.11 OK for: tailwindcss@3.4.19 want: ^1.22.8
157 silly placeDep ROOT sucrase@3.35.1 OK for: tailwindcss@3.4.19 want: ^3.35.0
158 silly fetch manifest braces@~3.0.2
159 silly packumentCache full:https://registry.npmjs.org/braces cache-miss
160 silly fetch manifest is-glob@~4.0.1
161 silly packumentCache full:https://registry.npmjs.org/is-glob cache-miss
162 silly fetch manifest anymatch@~3.1.2
163 silly packumentCache full:https://registry.npmjs.org/anymatch cache-miss
164 silly fetch manifest readdirp@~3.6.0
165 silly packumentCache full:https://registry.npmjs.org/readdirp cache-miss
166 silly fetch manifest glob-parent@~5.1.2
167 silly packumentCache full:https://registry.npmjs.org/glob-parent cache-miss
168 http cache https://registry.npmjs.org/is-glob 7ms (cache hit)
169 silly packumentCache full:https://registry.npmjs.org/is-glob set size:40530 disposed:false
170 silly fetch manifest is-binary-path@~2.1.0
171 silly packumentCache full:https://registry.npmjs.org/is-binary-path cache-miss
172 http cache https://registry.npmjs.org/glob-parent 7ms (cache hit)
173 silly packumentCache full:https://registry.npmjs.org/glob-parent set size:42445 disposed:false
174 silly fetch manifest normalize-path@~3.0.0
175 silly packumentCache full:https://registry.npmjs.org/normalize-path cache-miss
176 http cache https://registry.npmjs.org/normalize-path 4ms (cache hit)
177 silly packumentCache full:https://registry.npmjs.org/normalize-path set size:28713 disposed:false
178 silly fetch manifest fsevents@~2.3.2
179 silly packumentCache full:https://registry.npmjs.org/fsevents cache-miss
180 http fetch GET 200 https://registry.npmjs.org/is-binary-path 200ms (cache miss)
181 silly packumentCache full:https://registry.npmjs.org/is-binary-path set size:undefined disposed:false
182 silly fetch manifest @nodelib/fs.stat@^2.0.2
183 silly packumentCache full:https://registry.npmjs.org/@nodelib%2ffs.stat cache-miss
184 http fetch GET 200 https://registry.npmjs.org/fsevents 203ms (cache miss)
185 silly packumentCache full:https://registry.npmjs.org/fsevents set size:undefined disposed:false
186 silly fetch manifest @nodelib/fs.walk@^1.2.3
187 silly packumentCache full:https://registry.npmjs.org/@nodelib%2ffs.walk cache-miss
188 http fetch GET 200 https://registry.npmjs.org/braces 317ms (cache miss)
189 silly packumentCache full:https://registry.npmjs.org/braces set size:undefined disposed:false
190 silly fetch manifest glob-parent@^5.1.2
191 silly packumentCache full:https://registry.npmjs.org/glob-parent cache-hit
192 silly fetch manifest merge2@^1.3.0
193 silly packumentCache full:https://registry.npmjs.org/merge2 cache-miss
194 http fetch GET 200 https://registry.npmjs.org/readdirp 336ms (cache miss)
195 silly packumentCache full:https://registry.npmjs.org/readdirp set size:undefined disposed:false
196 silly fetch manifest is-extglob@^2.1.1
197 silly packumentCache full:https://registry.npmjs.org/is-extglob cache-miss
198 http fetch GET 200 https://registry.npmjs.org/anymatch 341ms (cache miss)
199 silly packumentCache full:https://registry.npmjs.org/anymatch set size:undefined disposed:false
200 silly fetch manifest braces@^3.0.3
201 silly packumentCache full:https://registry.npmjs.org/braces cache-miss
202 http cache https://registry.npmjs.org/braces 3ms (cache hit)
203 silly packumentCache full:https://registry.npmjs.org/braces set size:114529 disposed:false
204 silly fetch manifest picomatch@^2.3.1
205 silly packumentCache full:https://registry.npmjs.org/picomatch cache-miss
206 http fetch GET 200 https://registry.npmjs.org/@nodelib%2ffs.walk 368ms (cache miss)
207 silly packumentCache full:https://registry.npmjs.org/@nodelib%2ffs.walk set size:undefined disposed:false
208 silly fetch manifest resolve@^1.1.7
209 silly packumentCache full:https://registry.npmjs.org/resolve cache-miss
210 http cache https://registry.npmjs.org/resolve 3ms (cache hit)
211 silly packumentCache full:https://registry.npmjs.org/resolve set size:238156 disposed:false
212 silly fetch manifest read-cache@^1.0.0
213 silly packumentCache full:https://registry.npmjs.org/read-cache cache-miss
214 http fetch GET 200 https://registry.npmjs.org/merge2 299ms (cache miss)
215 silly packumentCache full:https://registry.npmjs.org/merge2 set size:undefined disposed:false
216 silly fetch manifest camelcase-css@^2.0.1
217 silly packumentCache full:https://registry.npmjs.org/camelcase-css cache-miss
218 http fetch GET 200 https://registry.npmjs.org/picomatch 345ms (cache miss)
219 silly packumentCache full:https://registry.npmjs.org/picomatch set size:undefined disposed:false
220 silly fetch manifest postcss-selector-parser@^6.1.1
221 silly packumentCache full:https://registry.npmjs.org/postcss-selector-parser cache-miss
222 http cache https://registry.npmjs.org/postcss-selector-parser 4ms (cache hit)
223 silly packumentCache full:https://registry.npmjs.org/postcss-selector-parser set size:177140 disposed:false
224 silly fetch manifest cssesc@^3.0.0
225 silly packumentCache full:https://registry.npmjs.org/cssesc cache-miss
226 http fetch GET 200 https://registry.npmjs.org/is-extglob 372ms (cache miss)
227 silly packumentCache full:https://registry.npmjs.org/is-extglob set size:undefined disposed:false
228 silly fetch manifest util-deprecate@^1.0.2
229 silly packumentCache full:https://registry.npmjs.org/util-deprecate cache-miss
230 http fetch GET 200 https://registry.npmjs.org/read-cache 177ms (cache miss)
231 silly packumentCache full:https://registry.npmjs.org/read-cache set size:undefined disposed:false
232 silly fetch manifest path-parse@^1.0.7
233 silly packumentCache full:https://registry.npmjs.org/path-parse cache-miss
234 http fetch GET 200 https://registry.npmjs.org/cssesc 124ms (cache miss)
235 silly packumentCache full:https://registry.npmjs.org/cssesc set size:undefined disposed:false
236 silly fetch manifest is-core-module@^2.16.1
237 silly packumentCache full:https://registry.npmjs.org/is-core-module cache-miss
238 http fetch GET 200 https://registry.npmjs.org/camelcase-css 307ms (cache miss)
239 silly packumentCache full:https://registry.npmjs.org/camelcase-css set size:undefined disposed:false
240 silly fetch manifest supports-preserve-symlinks-flag@^1.0.0
241 silly packumentCache full:https://registry.npmjs.org/supports-preserve-symlinks-flag cache-miss
242 http fetch GET 200 https://registry.npmjs.org/path-parse 183ms (cache miss)
243 silly packumentCache full:https://registry.npmjs.org/path-parse set size:undefined disposed:false
244 silly fetch manifest commander@^4.0.0
245 silly packumentCache full:https://registry.npmjs.org/commander cache-miss
246 http fetch GET 200 https://registry.npmjs.org/@nodelib%2ffs.stat 751ms (cache miss)
247 silly packumentCache full:https://registry.npmjs.org/@nodelib%2ffs.stat set size:undefined disposed:false
248 silly fetch manifest lines-and-columns@^1.1.6
249 silly packumentCache full:https://registry.npmjs.org/lines-and-columns cache-miss
250 http fetch GET 200 https://registry.npmjs.org/util-deprecate 274ms (cache miss)
251 silly packumentCache full:https://registry.npmjs.org/util-deprecate set size:undefined disposed:false
252 silly fetch manifest mz@^2.7.0
253 silly packumentCache full:https://registry.npmjs.org/mz cache-miss
254 http fetch GET 200 https://registry.npmjs.org/is-core-module 352ms (cache miss)
255 silly packumentCache full:https://registry.npmjs.org/is-core-module set size:undefined disposed:false
256 silly fetch manifest pirates@^4.0.1
257 silly packumentCache full:https://registry.npmjs.org/pirates cache-miss
258 http fetch GET 200 https://registry.npmjs.org/commander 237ms (cache miss)
259 silly packumentCache full:https://registry.npmjs.org/commander set size:undefined disposed:false
260 silly fetch manifest tinyglobby@^0.2.11
261 silly packumentCache full:https://registry.npmjs.org/tinyglobby cache-miss
262 http fetch GET 200 https://registry.npmjs.org/supports-preserve-symlinks-flag 288ms (cache miss)
263 silly packumentCache full:https://registry.npmjs.org/supports-preserve-symlinks-flag set size:undefined disposed:false
264 silly fetch manifest ts-interface-checker@^0.1.9
265 silly packumentCache full:https://registry.npmjs.org/ts-interface-checker cache-miss
266 http fetch GET 200 https://registry.npmjs.org/mz 268ms (cache miss)
267 silly packumentCache full:https://registry.npmjs.org/mz set size:undefined disposed:false
268 http fetch GET 200 https://registry.npmjs.org/lines-and-columns 322ms (cache miss)
269 silly packumentCache full:https://registry.npmjs.org/lines-and-columns set size:undefined disposed:false
270 http fetch GET 200 https://registry.npmjs.org/tinyglobby 179ms (cache miss)
271 silly packumentCache full:https://registry.npmjs.org/tinyglobby set size:undefined disposed:false
272 http fetch GET 200 https://registry.npmjs.org/ts-interface-checker 303ms (cache miss)
273 silly packumentCache full:https://registry.npmjs.org/ts-interface-checker set size:undefined disposed:false
274 http fetch GET 200 https://registry.npmjs.org/pirates 349ms (cache miss)
275 silly packumentCache full:https://registry.npmjs.org/pirates set size:undefined disposed:false
276 silly placeDep ROOT anymatch@3.1.3 OK for: chokidar@3.6.0 want: ~3.1.2
277 silly placeDep ROOT braces@3.0.3 OK for: chokidar@3.6.0 want: ~3.0.2
278 silly placeDep ROOT fsevents@2.3.3 OK for: chokidar@3.6.0 want: ~2.3.2
279 silly placeDep node_modules/chokidar glob-parent@5.1.2 OK for: chokidar@3.6.0 want: ~5.1.2
280 silly placeDep ROOT is-binary-path@2.1.0 OK for: chokidar@3.6.0 want: ~2.1.0
281 silly placeDep ROOT readdirp@3.6.0 OK for: chokidar@3.6.0 want: ~3.6.0
282 silly fetch manifest picomatch@^2.0.4
283 silly packumentCache full:https://registry.npmjs.org/picomatch cache-miss
284 silly fetch manifest fill-range@^7.1.1
285 silly packumentCache full:https://registry.npmjs.org/fill-range cache-miss
286 silly fetch manifest binary-extensions@^2.0.0
287 silly packumentCache full:https://registry.npmjs.org/binary-extensions cache-miss
288 silly fetch manifest picomatch@^2.2.1
289 silly packumentCache full:https://registry.npmjs.org/picomatch cache-miss
290 http cache https://registry.npmjs.org/picomatch 32ms (cache hit)
291 silly packumentCache full:https://registry.npmjs.org/picomatch set size:118818 disposed:false
292 http cache https://registry.npmjs.org/picomatch 38ms (cache hit)
293 silly packumentCache full:https://registry.npmjs.org/picomatch set size:118818 disposed:false
294 silly packumentCache full:https://registry.npmjs.org/picomatch dispose
295 http fetch GET 200 https://registry.npmjs.org/fill-range 289ms (cache miss)
296 silly packumentCache full:https://registry.npmjs.org/fill-range set size:undefined disposed:false
297 http fetch GET 200 https://registry.npmjs.org/binary-extensions 361ms (cache miss)
298 silly packumentCache full:https://registry.npmjs.org/binary-extensions set size:undefined disposed:false
299 silly placeDep ROOT picomatch@2.3.1 OK for: anymatch@3.1.3 want: ^2.0.4
300 silly placeDep ROOT fill-range@7.1.1 OK for: braces@3.0.3 want: ^7.1.1
301 silly fetch manifest to-regex-range@^5.0.1
302 silly packumentCache full:https://registry.npmjs.org/to-regex-range cache-miss
303 http fetch GET 200 https://registry.npmjs.org/to-regex-range 197ms (cache miss)
304 silly packumentCache full:https://registry.npmjs.org/to-regex-range set size:undefined disposed:false
305 silly placeDep ROOT @nodelib/fs.stat@2.0.5 OK for: fast-glob@3.3.3 want: ^2.0.2
306 silly placeDep ROOT @nodelib/fs.walk@1.2.8 OK for: fast-glob@3.3.3 want: ^1.2.3
307 silly placeDep node_modules/fast-glob glob-parent@5.1.2 OK for: fast-glob@3.3.3 want: ^5.1.2
308 silly placeDep ROOT merge2@1.4.1 OK for: fast-glob@3.3.3 want: ^1.3.0
309 silly fetch manifest fastq@^1.6.0
310 silly packumentCache full:https://registry.npmjs.org/fastq cache-miss
311 silly fetch manifest @nodelib/fs.scandir@2.1.5
312 silly packumentCache full:https://registry.npmjs.org/@nodelib%2ffs.scandir cache-miss
313 http fetch GET 200 https://registry.npmjs.org/fastq 328ms (cache miss)
314 silly packumentCache full:https://registry.npmjs.org/fastq set size:undefined disposed:false
315 http fetch GET 200 https://registry.npmjs.org/@nodelib%2ffs.scandir 346ms (cache miss)
316 silly packumentCache full:https://registry.npmjs.org/@nodelib%2ffs.scandir set size:undefined disposed:false
317 silly placeDep ROOT @nodelib/fs.scandir@2.1.5 OK for: @nodelib/fs.walk@1.2.8 want: 2.1.5
318 silly placeDep ROOT fastq@1.20.1 OK for: @nodelib/fs.walk@1.2.8 want: ^1.6.0
319 silly fetch manifest run-parallel@^1.1.9
320 silly packumentCache full:https://registry.npmjs.org/run-parallel cache-miss
321 silly fetch manifest reusify@^1.0.4
322 silly packumentCache full:https://registry.npmjs.org/reusify cache-miss
323 http fetch GET 200 https://registry.npmjs.org/run-parallel 300ms (cache miss)
324 silly packumentCache full:https://registry.npmjs.org/run-parallel set size:undefined disposed:false
325 http fetch GET 200 https://registry.npmjs.org/reusify 443ms (cache miss)
326 silly packumentCache full:https://registry.npmjs.org/reusify set size:undefined disposed:false
327 silly placeDep ROOT run-parallel@1.2.0 OK for: @nodelib/fs.scandir@2.1.5 want: ^1.1.9
328 silly fetch manifest queue-microtask@^1.2.2
329 silly packumentCache full:https://registry.npmjs.org/queue-microtask cache-miss
330 http fetch GET 200 https://registry.npmjs.org/queue-microtask 182ms (cache miss)
331 silly packumentCache full:https://registry.npmjs.org/queue-microtask set size:undefined disposed:false
332 silly placeDep ROOT reusify@1.1.0 OK for: fastq@1.20.1 want: ^1.0.4
333 silly placeDep ROOT to-regex-range@5.0.1 OK for: fill-range@7.1.1 want: ^5.0.1
334 silly fetch manifest is-number@^7.0.0
335 silly packumentCache full:https://registry.npmjs.org/is-number cache-miss
336 http fetch GET 200 https://registry.npmjs.org/is-number 337ms (cache miss)
337 silly packumentCache full:https://registry.npmjs.org/is-number set size:undefined disposed:false
338 silly placeDep ROOT binary-extensions@2.3.0 OK for: is-binary-path@2.1.0 want: ^2.0.0
339 silly placeDep ROOT is-extglob@2.1.1 OK for: is-glob@4.0.3 want: ^2.1.1
340 silly placeDep ROOT read-cache@1.0.0 OK for: postcss-import@15.1.0 want: ^1.0.0
341 silly fetch manifest pify@^2.3.0
342 silly packumentCache full:https://registry.npmjs.org/pify cache-miss
343 http fetch GET 200 https://registry.npmjs.org/pify 357ms (cache miss)
344 silly packumentCache full:https://registry.npmjs.org/pify set size:undefined disposed:false
345 silly placeDep ROOT camelcase-css@2.0.1 OK for: postcss-js@4.1.0 want: ^2.0.1
346 silly placeDep ROOT cssesc@3.0.0 OK for: postcss-selector-parser@6.1.2 want: ^3.0.0
347 silly placeDep ROOT util-deprecate@1.0.2 OK for: postcss-selector-parser@6.1.2 want: ^1.0.2
348 silly placeDep ROOT pify@2.3.0 OK for: read-cache@1.0.0 want: ^2.3.0
349 silly placeDep ROOT is-core-module@2.16.1 OK for: resolve@1.22.11 want: ^2.16.1
350 silly placeDep ROOT path-parse@1.0.7 OK for: resolve@1.22.11 want: ^1.0.7
351 silly placeDep ROOT supports-preserve-symlinks-flag@1.0.0 OK for: resolve@1.22.11 want: ^1.0.0
352 silly fetch manifest hasown@^2.0.2
353 silly packumentCache full:https://registry.npmjs.org/hasown cache-miss
354 http fetch GET 200 https://registry.npmjs.org/hasown 330ms (cache miss)
355 silly packumentCache full:https://registry.npmjs.org/hasown set size:undefined disposed:false
356 silly placeDep ROOT hasown@2.0.2 OK for: is-core-module@2.16.1 want: ^2.0.2
357 silly fetch manifest function-bind@^1.1.2
358 silly packumentCache full:https://registry.npmjs.org/function-bind cache-miss
359 http fetch GET 200 https://registry.npmjs.org/function-bind 120ms (cache miss)
360 silly packumentCache full:https://registry.npmjs.org/function-bind set size:undefined disposed:false
361 silly placeDep ROOT function-bind@1.1.2 OK for: hasown@2.0.2 want: ^1.1.2
362 silly placeDep ROOT queue-microtask@1.2.3 OK for: run-parallel@1.2.0 want: ^1.2.2
363 silly placeDep ROOT commander@4.1.1 OK for: sucrase@3.35.1 want: ^4.0.0
364 silly placeDep ROOT lines-and-columns@1.2.4 OK for: sucrase@3.35.1 want: ^1.1.6
365 silly placeDep ROOT mz@2.7.0 OK for: sucrase@3.35.1 want: ^2.7.0
366 silly placeDep ROOT pirates@4.0.7 OK for: sucrase@3.35.1 want: ^4.0.1
367 silly placeDep ROOT tinyglobby@0.2.15 OK for: sucrase@3.35.1 want: ^0.2.11
368 silly placeDep ROOT ts-interface-checker@0.1.13 OK for: sucrase@3.35.1 want: ^0.1.9
369 silly fetch manifest any-promise@^1.0.0
370 silly packumentCache full:https://registry.npmjs.org/any-promise cache-miss
371 silly fetch manifest object-assign@^4.0.1
372 silly packumentCache full:https://registry.npmjs.org/object-assign cache-miss
373 silly fetch manifest thenify-all@^1.0.0
374 silly packumentCache full:https://registry.npmjs.org/thenify-all cache-miss
375 silly fetch manifest fdir@^6.5.0
376 silly packumentCache full:https://registry.npmjs.org/fdir cache-miss
377 silly fetch manifest picomatch@^4.0.3
378 silly packumentCache full:https://registry.npmjs.org/picomatch cache-hit
379 http fetch GET 200 https://registry.npmjs.org/any-promise 181ms (cache miss)
380 silly packumentCache full:https://registry.npmjs.org/any-promise set size:undefined disposed:false
381 http fetch GET 200 https://registry.npmjs.org/fdir 274ms (cache miss)
382 silly packumentCache full:https://registry.npmjs.org/fdir set size:undefined disposed:false
383 http fetch GET 200 https://registry.npmjs.org/object-assign 282ms (cache miss)
384 silly packumentCache full:https://registry.npmjs.org/object-assign set size:undefined disposed:false
385 http fetch GET 200 https://registry.npmjs.org/thenify-all 309ms (cache miss)
386 silly packumentCache full:https://registry.npmjs.org/thenify-all set size:undefined disposed:false
387 silly placeDep ROOT any-promise@1.3.0 OK for: mz@2.7.0 want: ^1.0.0
388 silly placeDep ROOT object-assign@4.1.1 OK for: mz@2.7.0 want: ^4.0.1
389 silly placeDep ROOT thenify-all@1.6.0 OK for: mz@2.7.0 want: ^1.0.0
390 silly fetch manifest thenify@>= 3.1.0 < 4
391 silly packumentCache full:https://registry.npmjs.org/thenify cache-miss
392 http fetch GET 200 https://registry.npmjs.org/thenify 357ms (cache miss)
393 silly packumentCache full:https://registry.npmjs.org/thenify set size:undefined disposed:false
394 silly placeDep ROOT thenify@3.3.1 OK for: thenify-all@1.6.0 want: >= 3.1.0 < 4
395 silly placeDep node_modules/tinyglobby fdir@6.5.0 OK for: tinyglobby@0.2.15 want: ^6.5.0
396 silly placeDep node_modules/tinyglobby picomatch@4.0.3 OK for: fdir@6.5.0 want: ^3 || ^4
397 silly placeDep ROOT is-number@7.0.0 OK for: to-regex-range@5.0.1 want: ^7.0.0
398 silly reify mark retired [
398 silly reify   'D:\\Vitor_Tec\\JVBSystem\\website_jvbsystem\\node_modules\\@jridgewell\\remapping'
398 silly reify ]
399 silly reify mark retired [
399 silly reify   'D:\\Vitor_Tec\\JVBSystem\\website_jvbsystem\\node_modules\\@tailwindcss\\node'
399 silly reify ]
400 silly reify mark retired [
400 silly reify   'D:\\Vitor_Tec\\JVBSystem\\website_jvbsystem\\node_modules\\@tailwindcss\\oxide'
400 silly reify ]
401 silly reify mark retired [
401 silly reify   'D:\\Vitor_Tec\\JVBSystem\\website_jvbsystem\\node_modules\\@tailwindcss\\oxide-win32-x64-msvc'
401 silly reify ]
402 silly reify mark retired [
402 silly reify   'D:\\Vitor_Tec\\JVBSystem\\website_jvbsystem\\node_modules\\@tailwindcss\\postcss'
402 silly reify ]
403 silly reify mark retired [
403 silly reify   'D:\\Vitor_Tec\\JVBSystem\\website_jvbsystem\\node_modules\\@types\\node'
403 silly reify ]
404 silly reify mark retired [
404 silly reify   'D:\\Vitor_Tec\\JVBSystem\\website_jvbsystem\\node_modules\\@types\\react'
404 silly reify ]
405 silly reify mark retired [
405 silly reify   'D:\\Vitor_Tec\\JVBSystem\\website_jvbsystem\\node_modules\\detect-libc'
405 silly reify ]
406 silly reify mark retired [
406 silly reify   'D:\\Vitor_Tec\\JVBSystem\\website_jvbsystem\\node_modules\\enhanced-resolve'
406 silly reify ]
407 silly reify mark retired [
407 silly reify   'D:\\Vitor_Tec\\JVBSystem\\website_jvbsystem\\node_modules\\jiti',
407 silly reify   'D:\\Vitor_Tec\\JVBSystem\\website_jvbsystem\\node_modules\\.bin\\jiti',
407 silly reify   'D:\\Vitor_Tec\\JVBSystem\\website_jvbsystem\\node_modules\\.bin\\jiti.cmd',
407 silly reify   'D:\\Vitor_Tec\\JVBSystem\\website_jvbsystem\\node_modules\\.bin\\jiti.ps1'
407 silly reify ]
408 silly reify mark retired [
408 silly reify   'D:\\Vitor_Tec\\JVBSystem\\website_jvbsystem\\node_modules\\lightningcss'
408 silly reify ]
409 silly reify mark retired [
409 silly reify   'D:\\Vitor_Tec\\JVBSystem\\website_jvbsystem\\node_modules\\lightningcss-win32-x64-msvc'
409 silly reify ]
410 silly reify mark retired [
410 silly reify   'D:\\Vitor_Tec\\JVBSystem\\website_jvbsystem\\node_modules\\magic-string'
410 silly reify ]
411 silly reify mark retired [
411 silly reify   'D:\\Vitor_Tec\\JVBSystem\\website_jvbsystem\\node_modules\\tailwindcss'
411 silly reify ]
412 silly reify mark retired [
412 silly reify   'D:\\Vitor_Tec\\JVBSystem\\website_jvbsystem\\node_modules\\tapable'
412 silly reify ]
413 silly reify mark retired [
413 silly reify   'D:\\Vitor_Tec\\JVBSystem\\website_jvbsystem\\node_modules\\undici-types'
413 silly reify ]
414 silly reify moves {
414 silly reify   'D:\\Vitor_Tec\\JVBSystem\\website_jvbsystem\\node_modules\\@jridgewell\\remapping': 'D:\\Vitor_Tec\\JVBSystem\\website_jvbsystem\\node_modules\\@jridgewell\\.remapping-AvaPIgel',
414 silly reify   'D:\\Vitor_Tec\\JVBSystem\\website_jvbsystem\\node_modules\\@tailwindcss\\node': 'D:\\Vitor_Tec\\JVBSystem\\website_jvbsystem\\node_modules\\@tailwindcss\\.node-YeUzuFcb',
414 silly reify   'D:\\Vitor_Tec\\JVBSystem\\website_jvbsystem\\node_modules\\@tailwindcss\\oxide': 'D:\\Vitor_Tec\\JVBSystem\\website_jvbsystem\\node_modules\\@tailwindcss\\.oxide-740RAqFK',
414 silly reify   'D:\\Vitor_Tec\\JVBSystem\\website_jvbsystem\\node_modules\\@tailwindcss\\oxide-win32-x64-msvc': 'D:\\Vitor_Tec\\JVBSystem\\website_jvbsystem\\node_modules\\@tailwindcss\\.oxide-win32-x64-msvc-dK4PLTqk',
414 silly reify   'D:\\Vitor_Tec\\JVBSystem\\website_jvbsystem\\node_modules\\@tailwindcss\\postcss': 'D:\\Vitor_Tec\\JVBSystem\\website_jvbsystem\\node_modules\\@tailwindcss\\.postcss-GCDmWsS6',
414 silly reify   'D:\\Vitor_Tec\\JVBSystem\\website_jvbsystem\\node_modules\\@types\\node': 'D:\\Vitor_Tec\\JVBSystem\\website_jvbsystem\\node_modules\\@types\\.node-rk02l6bO',
414 silly reify   'D:\\Vitor_Tec\\JVBSystem\\website_jvbsystem\\node_modules\\@types\\react': 'D:\\Vitor_Tec\\JVBSystem\\website_jvbsystem\\node_modules\\@types\\.react-TOMujw0W',
414 silly reify   'D:\\Vitor_Tec\\JVBSystem\\website_jvbsystem\\node_modules\\detect-libc': 'D:\\Vitor_Tec\\JVBSystem\\website_jvbsystem\\node_modules\\.detect-libc-exQYAI3J',
414 silly reify   'D:\\Vitor_Tec\\JVBSystem\\website_jvbsystem\\node_modules\\enhanced-resolve': 'D:\\Vitor_Tec\\JVBSystem\\website_jvbsystem\\node_modules\\.enhanced-resolve-MTPk7k7q',
414 silly reify   'D:\\Vitor_Tec\\JVBSystem\\website_jvbsystem\\node_modules\\jiti': 'D:\\Vitor_Tec\\JVBSystem\\website_jvbsystem\\node_modules\\.jiti-q6g6AWWQ',
414 silly reify   'D:\\Vitor_Tec\\JVBSystem\\website_jvbsystem\\node_modules\\.bin\\jiti': 'D:\\Vitor_Tec\\JVBSystem\\website_jvbsystem\\node_modules\\.bin\\.jiti-2gHhZhvc',
414 silly reify   'D:\\Vitor_Tec\\JVBSystem\\website_jvbsystem\\node_modules\\.bin\\jiti.cmd': 'D:\\Vitor_Tec\\JVBSystem\\website_jvbsystem\\node_modules\\.bin\\.jiti.cmd-Z3bo9ZUn',
414 silly reify   'D:\\Vitor_Tec\\JVBSystem\\website_jvbsystem\\node_modules\\.bin\\jiti.ps1': 'D:\\Vitor_Tec\\JVBSystem\\website_jvbsystem\\node_modules\\.bin\\.jiti.ps1-Lgmyzxqs',
414 silly reify   'D:\\Vitor_Tec\\JVBSystem\\website_jvbsystem\\node_modules\\lightningcss': 'D:\\Vitor_Tec\\JVBSystem\\website_jvbsystem\\node_modules\\.lightningcss-N420pjwZ',
414 silly reify   'D:\\Vitor_Tec\\JVBSystem\\website_jvbsystem\\node_modules\\lightningcss-win32-x64-msvc': 'D:\\Vitor_Tec\\JVBSystem\\website_jvbsystem\\node_modules\\.lightningcss-win32-x64-msvc-IFZy2382',
414 silly reify   'D:\\Vitor_Tec\\JVBSystem\\website_jvbsystem\\node_modules\\magic-string': 'D:\\Vitor_Tec\\JVBSystem\\website_jvbsystem\\node_modules\\.magic-string-EUiu09J8',
414 silly reify   'D:\\Vitor_Tec\\JVBSystem\\website_jvbsystem\\node_modules\\tailwindcss': 'D:\\Vitor_Tec\\JVBSystem\\website_jvbsystem\\node_modules\\.tailwindcss-nn5IJO80',
414 silly reify   'D:\\Vitor_Tec\\JVBSystem\\website_jvbsystem\\node_modules\\tapable': 'D:\\Vitor_Tec\\JVBSystem\\website_jvbsystem\\node_modules\\.tapable-zZ3Njoit',
414 silly reify   'D:\\Vitor_Tec\\JVBSystem\\website_jvbsystem\\node_modules\\undici-types': 'D:\\Vitor_Tec\\JVBSystem\\website_jvbsystem\\node_modules\\.undici-types-o2RV2zki'
414 silly reify }
415 silly audit bulk request {
415 silly audit   '@alloc/quick-lru': [ '5.2.0' ],
415 silly audit   '@jridgewell/gen-mapping': [ '0.3.13' ],
415 silly audit   '@jridgewell/resolve-uri': [ '3.1.2' ],
415 silly audit   '@jridgewell/sourcemap-codec': [ '1.5.5' ],
415 silly audit   '@jridgewell/trace-mapping': [ '0.3.31' ],
415 silly audit   '@next/env': [ '14.2.3' ],
415 silly audit   '@next/swc-darwin-arm64': [ '14.2.3' ],
415 silly audit   '@next/swc-darwin-x64': [ '14.2.3' ],
415 silly audit   '@next/swc-linux-arm64-gnu': [ '14.2.3' ],
415 silly audit   '@next/swc-linux-arm64-musl': [ '14.2.3' ],
415 silly audit   '@next/swc-linux-x64-gnu': [ '14.2.3' ],
415 silly audit   '@next/swc-linux-x64-musl': [ '14.2.3' ],
415 silly audit   '@next/swc-win32-arm64-msvc': [ '14.2.3' ],
415 silly audit   '@next/swc-win32-ia32-msvc': [ '14.2.3' ],
415 silly audit   '@next/swc-win32-x64-msvc': [ '14.2.3' ],
415 silly audit   '@swc/counter': [ '0.1.3' ],
415 silly audit   '@swc/helpers': [ '0.5.5' ],
415 silly audit   autoprefixer: [ '10.4.27' ],
415 silly audit   'baseline-browser-mapping': [ '2.10.10' ],
415 silly audit   browserslist: [ '4.28.1' ],
415 silly audit   busboy: [ '1.6.0' ],
415 silly audit   'caniuse-lite': [ '1.0.30001780' ],
415 silly audit   'client-only': [ '0.0.1' ],
415 silly audit   csstype: [ '3.2.3' ],
415 silly audit   'electron-to-chromium': [ '1.5.321' ],
415 silly audit   escalade: [ '3.2.0' ],
415 silly audit   'fraction.js': [ '5.3.4' ],
415 silly audit   'graceful-fs': [ '4.2.11' ],
415 silly audit   jiti: [ '1.21.7' ],
415 silly audit   'js-tokens': [ '4.0.0' ],
415 silly audit   'loose-envify': [ '1.4.0' ],
415 silly audit   nanoid: [ '3.3.11' ],
415 silly audit   next: [ '14.2.3' ],
415 silly audit   postcss: [ '8.4.31', '8.5.8' ],
415 silly audit   'node-releases': [ '2.0.36' ],
415 silly audit   picocolors: [ '1.1.1' ],
415 silly audit   'postcss-value-parser': [ '4.2.0' ],
415 silly audit   react: [ '18.3.1' ],
415 silly audit   'react-dom': [ '18.3.1' ],
415 silly audit   scheduler: [ '0.23.2' ],
415 silly audit   'source-map-js': [ '1.2.1' ],
415 silly audit   streamsearch: [ '1.1.0' ],
415 silly audit   'styled-jsx': [ '5.1.1' ],
415 silly audit   tslib: [ '2.8.1' ],
415 silly audit   typescript: [ '5.9.3' ],
415 silly audit   'update-browserslist-db': [ '1.2.3' ],
415 silly audit   '@types/node': [ '20.19.37' ],
415 silly audit   '@types/react': [ '18.3.28' ],
415 silly audit   '@types/react-dom': [ '18.3.7' ],
415 silly audit   tailwindcss: [ '3.4.19' ],
415 silly audit   'undici-types': [ '6.21.0' ],
415 silly audit   '@types/prop-types': [ '15.7.15' ],
415 silly audit   arg: [ '5.0.2' ],
415 silly audit   chokidar: [ '3.6.0' ],
415 silly audit   didyoumean: [ '1.2.2' ],
415 silly audit   dlv: [ '1.1.3' ],
415 silly audit   'fast-glob': [ '3.3.3' ],
415 silly audit   'glob-parent': [ '6.0.2', '5.1.2' ],
415 silly audit   'is-glob': [ '4.0.3' ],
415 silly audit   lilconfig: [ '3.1.3' ],
415 silly audit   micromatch: [ '4.0.8' ],
415 silly audit   'normalize-path': [ '3.0.0' ],
415 silly audit   'object-hash': [ '3.0.0' ],
415 silly audit   'postcss-import': [ '15.1.0' ],
415 silly audit   'postcss-js': [ '4.1.0' ],
415 silly audit   'postcss-load-config': [ '6.0.1' ],
415 silly audit   'postcss-nested': [ '6.2.0' ],
415 silly audit   'postcss-selector-parser': [ '6.1.2' ],
415 silly audit   resolve: [ '1.22.11' ],
415 silly audit   sucrase: [ '3.35.1' ],
415 silly audit   anymatch: [ '3.1.3' ],
415 silly audit   braces: [ '3.0.3' ],
415 silly audit   fsevents: [ '2.3.3' ],
415 silly audit   'is-binary-path': [ '2.1.0' ],
415 silly audit   readdirp: [ '3.6.0' ],
415 silly audit   picomatch: [ '2.3.1', '4.0.3' ],
415 silly audit   'fill-range': [ '7.1.1' ],
415 silly audit   '@nodelib/fs.stat': [ '2.0.5' ],
415 silly audit   '@nodelib/fs.walk': [ '1.2.8' ],
415 silly audit   merge2: [ '1.4.1' ],
415 silly audit   '@nodelib/fs.scandir': [ '2.1.5' ],
415 silly audit   fastq: [ '1.20.1' ],
415 silly audit   'run-parallel': [ '1.2.0' ],
415 silly audit   reusify: [ '1.1.0' ],
415 silly audit   'to-regex-range': [ '5.0.1' ],
415 silly audit   'binary-extensions': [ '2.3.0' ],
415 silly audit   'is-extglob': [ '2.1.1' ],
415 silly audit   'read-cache': [ '1.0.0' ],
415 silly audit   'camelcase-css': [ '2.0.1' ],
415 silly audit   cssesc: [ '3.0.0' ],
415 silly audit   'util-deprecate': [ '1.0.2' ],
415 silly audit   pify: [ '2.3.0' ],
415 silly audit   'is-core-module': [ '2.16.1' ],
415 silly audit   'path-parse': [ '1.0.7' ],
415 silly audit   'supports-preserve-symlinks-flag': [ '1.0.0' ],
415 silly audit   hasown: [ '2.0.2' ],
415 silly audit   'function-bind': [ '1.1.2' ],
415 silly audit   'queue-microtask': [ '1.2.3' ],
415 silly audit   commander: [ '4.1.1' ],
415 silly audit   'lines-and-columns': [ '1.2.4' ],
415 silly audit   mz: [ '2.7.0' ],
415 silly audit   pirates: [ '4.0.7' ],
415 silly audit   tinyglobby: [ '0.2.15' ],
415 silly audit   'ts-interface-checker': [ '0.1.13' ],
415 silly audit   'any-promise': [ '1.3.0' ],
415 silly audit   'object-assign': [ '4.1.1' ],
415 silly audit   'thenify-all': [ '1.6.0' ],
415 silly audit   thenify: [ '3.3.1' ],
415 silly audit   fdir: [ '6.5.0' ],
415 silly audit   'is-number': [ '7.0.0' ]
415 silly audit }
416 http cache thenify@https://registry.npmjs.org/thenify/-/thenify-3.3.1.tgz 0ms (cache hit)
417 http cache is-number@https://registry.npmjs.org/is-number/-/is-number-7.0.0.tgz 0ms (cache hit)
418 http cache object-assign@https://registry.npmjs.org/object-assign/-/object-assign-4.1.1.tgz 0ms (cache hit)
419 http cache thenify-all@https://registry.npmjs.org/thenify-all/-/thenify-all-1.6.0.tgz 0ms (cache hit)
420 http cache any-promise@https://registry.npmjs.org/any-promise/-/any-promise-1.3.0.tgz 1ms (cache hit)
421 http cache ts-interface-checker@https://registry.npmjs.org/ts-interface-checker/-/ts-interface-checker-0.1.13.tgz 0ms (cache hit)
422 http cache tinyglobby@https://registry.npmjs.org/tinyglobby/-/tinyglobby-0.2.15.tgz 0ms (cache hit)
423 http cache pirates@https://registry.npmjs.org/pirates/-/pirates-4.0.7.tgz 0ms (cache hit)
424 http cache mz@https://registry.npmjs.org/mz/-/mz-2.7.0.tgz 0ms (cache hit)
425 http cache lines-and-columns@https://registry.npmjs.org/lines-and-columns/-/lines-and-columns-1.2.4.tgz 0ms (cache hit)
426 http cache commander@https://registry.npmjs.org/commander/-/commander-4.1.1.tgz 0ms (cache hit)
427 http cache function-bind@https://registry.npmjs.org/function-bind/-/function-bind-1.1.2.tgz 0ms (cache hit)
428 http cache queue-microtask@https://registry.npmjs.org/queue-microtask/-/queue-microtask-1.2.3.tgz 0ms (cache hit)
429 http cache hasown@https://registry.npmjs.org/hasown/-/hasown-2.0.2.tgz 0ms (cache hit)
430 http cache supports-preserve-symlinks-flag@https://registry.npmjs.org/supports-preserve-symlinks-flag/-/supports-preserve-symlinks-flag-1.0.0.tgz 0ms (cache hit)
431 http cache is-core-module@https://registry.npmjs.org/is-core-module/-/is-core-module-2.16.1.tgz 0ms (cache hit)
432 http cache path-parse@https://registry.npmjs.org/path-parse/-/path-parse-1.0.7.tgz 0ms (cache hit)
433 http cache pify@https://registry.npmjs.org/pify/-/pify-2.3.0.tgz 0ms (cache hit)
434 http cache util-deprecate@https://registry.npmjs.org/util-deprecate/-/util-deprecate-1.0.2.tgz 0ms (cache hit)
435 http cache cssesc@https://registry.npmjs.org/cssesc/-/cssesc-3.0.0.tgz 0ms (cache hit)
436 http cache camelcase-css@https://registry.npmjs.org/camelcase-css/-/camelcase-css-2.0.1.tgz 0ms (cache hit)
437 http cache read-cache@https://registry.npmjs.org/read-cache/-/read-cache-1.0.0.tgz 0ms (cache hit)
438 http cache binary-extensions@https://registry.npmjs.org/binary-extensions/-/binary-extensions-2.3.0.tgz 0ms (cache hit)
439 http cache to-regex-range@https://registry.npmjs.org/to-regex-range/-/to-regex-range-5.0.1.tgz 0ms (cache hit)
440 http cache reusify@https://registry.npmjs.org/reusify/-/reusify-1.1.0.tgz 0ms (cache hit)
441 http cache is-extglob@https://registry.npmjs.org/is-extglob/-/is-extglob-2.1.1.tgz 0ms (cache hit)
442 http cache run-parallel@https://registry.npmjs.org/run-parallel/-/run-parallel-1.2.0.tgz 0ms (cache hit)
443 http cache @nodelib/fs.scandir@https://registry.npmjs.org/@nodelib/fs.scandir/-/fs.scandir-2.1.5.tgz 0ms (cache hit)
444 http cache fastq@https://registry.npmjs.org/fastq/-/fastq-1.20.1.tgz 0ms (cache hit)
445 http cache @nodelib/fs.stat@https://registry.npmjs.org/@nodelib/fs.stat/-/fs.stat-2.0.5.tgz 0ms (cache hit)
446 http cache merge2@https://registry.npmjs.org/merge2/-/merge2-1.4.1.tgz 0ms (cache hit)
447 http cache @nodelib/fs.walk@https://registry.npmjs.org/@nodelib/fs.walk/-/fs.walk-1.2.8.tgz 0ms (cache hit)
448 http cache fill-range@https://registry.npmjs.org/fill-range/-/fill-range-7.1.1.tgz 0ms (cache hit)
449 http cache picomatch@https://registry.npmjs.org/picomatch/-/picomatch-2.3.1.tgz 0ms (cache hit)
450 http cache readdirp@https://registry.npmjs.org/readdirp/-/readdirp-3.6.0.tgz 0ms (cache hit)
451 http cache is-binary-path@https://registry.npmjs.org/is-binary-path/-/is-binary-path-2.1.0.tgz 0ms (cache hit)
452 http cache braces@https://registry.npmjs.org/braces/-/braces-3.0.3.tgz 0ms (cache hit)
453 http cache anymatch@https://registry.npmjs.org/anymatch/-/anymatch-3.1.3.tgz 0ms (cache hit)
454 http cache sucrase@https://registry.npmjs.org/sucrase/-/sucrase-3.35.1.tgz 0ms (cache hit)
455 http cache resolve@https://registry.npmjs.org/resolve/-/resolve-1.22.11.tgz 0ms (cache hit)
456 http cache postcss-selector-parser@https://registry.npmjs.org/postcss-selector-parser/-/postcss-selector-parser-6.1.2.tgz 0ms (cache hit)
457 http cache postcss-nested@https://registry.npmjs.org/postcss-nested/-/postcss-nested-6.2.0.tgz 0ms (cache hit)
458 http cache postcss-load-config@https://registry.npmjs.org/postcss-load-config/-/postcss-load-config-6.0.1.tgz 0ms (cache hit)
459 http cache postcss-js@https://registry.npmjs.org/postcss-js/-/postcss-js-4.1.0.tgz 0ms (cache hit)
460 http cache postcss-import@https://registry.npmjs.org/postcss-import/-/postcss-import-15.1.0.tgz 0ms (cache hit)
461 http cache object-hash@https://registry.npmjs.org/object-hash/-/object-hash-3.0.0.tgz 0ms (cache hit)
462 http cache normalize-path@https://registry.npmjs.org/normalize-path/-/normalize-path-3.0.0.tgz 0ms (cache hit)
463 http cache micromatch@https://registry.npmjs.org/micromatch/-/micromatch-4.0.8.tgz 0ms (cache hit)
464 http cache lilconfig@https://registry.npmjs.org/lilconfig/-/lilconfig-3.1.3.tgz 0ms (cache hit)
465 http cache is-glob@https://registry.npmjs.org/is-glob/-/is-glob-4.0.3.tgz 0ms (cache hit)
466 http cache glob-parent@https://registry.npmjs.org/glob-parent/-/glob-parent-6.0.2.tgz 0ms (cache hit)
467 http cache fast-glob@https://registry.npmjs.org/fast-glob/-/fast-glob-3.3.3.tgz 0ms (cache hit)
468 http cache dlv@https://registry.npmjs.org/dlv/-/dlv-1.1.3.tgz 0ms (cache hit)
469 http cache didyoumean@https://registry.npmjs.org/didyoumean/-/didyoumean-1.2.2.tgz 0ms (cache hit)
470 http cache @types/prop-types@https://registry.npmjs.org/@types/prop-types/-/prop-types-15.7.15.tgz 0ms (cache hit)
471 http cache arg@https://registry.npmjs.org/arg/-/arg-5.0.2.tgz 0ms (cache hit)
472 http cache chokidar@https://registry.npmjs.org/chokidar/-/chokidar-3.6.0.tgz 0ms (cache hit)
473 http cache undici-types@https://registry.npmjs.org/undici-types/-/undici-types-6.21.0.tgz 0ms (cache hit)
474 http cache tailwindcss@https://registry.npmjs.org/tailwindcss/-/tailwindcss-3.4.19.tgz 0ms (cache hit)
475 http cache @types/react-dom@https://registry.npmjs.org/@types/react-dom/-/react-dom-18.3.7.tgz 0ms (cache hit)
476 http cache @types/react@https://registry.npmjs.org/@types/react/-/react-18.3.28.tgz 0ms (cache hit)
477 http cache fdir@https://registry.npmjs.org/fdir/-/fdir-6.5.0.tgz 0ms (cache hit)
478 http cache @types/node@https://registry.npmjs.org/@types/node/-/node-20.19.37.tgz 0ms (cache hit)
479 http cache picomatch@https://registry.npmjs.org/picomatch/-/picomatch-4.0.3.tgz 0ms (cache hit)
480 http cache glob-parent@https://registry.npmjs.org/glob-parent/-/glob-parent-5.1.2.tgz 0ms (cache hit)
481 silly tarball no local data for thenify@https://registry.npmjs.org/thenify/-/thenify-3.3.1.tgz. Extracting by manifest.
482 silly tarball no local data for is-number@https://registry.npmjs.org/is-number/-/is-number-7.0.0.tgz. Extracting by manifest.
483 http cache glob-parent@https://registry.npmjs.org/glob-parent/-/glob-parent-5.1.2.tgz 0ms (cache hit)
484 http cache jiti@https://registry.npmjs.org/jiti/-/jiti-1.21.7.tgz 0ms (cache hit)
485 silly tarball no local data for object-assign@https://registry.npmjs.org/object-assign/-/object-assign-4.1.1.tgz. Extracting by manifest.
486 silly tarball no local data for thenify-all@https://registry.npmjs.org/thenify-all/-/thenify-all-1.6.0.tgz. Extracting by manifest.
487 silly tarball no local data for any-promise@https://registry.npmjs.org/any-promise/-/any-promise-1.3.0.tgz. Extracting by manifest.
488 silly tarball no local data for ts-interface-checker@https://registry.npmjs.org/ts-interface-checker/-/ts-interface-checker-0.1.13.tgz. Extracting by manifest.
489 silly tarball no local data for tinyglobby@https://registry.npmjs.org/tinyglobby/-/tinyglobby-0.2.15.tgz. Extracting by manifest.
490 silly tarball no local data for pirates@https://registry.npmjs.org/pirates/-/pirates-4.0.7.tgz. Extracting by manifest.
491 silly tarball no local data for mz@https://registry.npmjs.org/mz/-/mz-2.7.0.tgz. Extracting by manifest.
492 silly tarball no local data for lines-and-columns@https://registry.npmjs.org/lines-and-columns/-/lines-and-columns-1.2.4.tgz. Extracting by manifest.
493 silly tarball no local data for commander@https://registry.npmjs.org/commander/-/commander-4.1.1.tgz. Extracting by manifest.
494 silly tarball no local data for function-bind@https://registry.npmjs.org/function-bind/-/function-bind-1.1.2.tgz. Extracting by manifest.
495 silly tarball no local data for queue-microtask@https://registry.npmjs.org/queue-microtask/-/queue-microtask-1.2.3.tgz. Extracting by manifest.
496 silly tarball no local data for hasown@https://registry.npmjs.org/hasown/-/hasown-2.0.2.tgz. Extracting by manifest.
497 silly tarball no local data for supports-preserve-symlinks-flag@https://registry.npmjs.org/supports-preserve-symlinks-flag/-/supports-preserve-symlinks-flag-1.0.0.tgz. Extracting by manifest.
498 silly tarball no local data for is-core-module@https://registry.npmjs.org/is-core-module/-/is-core-module-2.16.1.tgz. Extracting by manifest.
499 silly tarball no local data for path-parse@https://registry.npmjs.org/path-parse/-/path-parse-1.0.7.tgz. Extracting by manifest.
500 silly tarball no local data for pify@https://registry.npmjs.org/pify/-/pify-2.3.0.tgz. Extracting by manifest.
501 silly tarball no local data for util-deprecate@https://registry.npmjs.org/util-deprecate/-/util-deprecate-1.0.2.tgz. Extracting by manifest.
502 silly tarball no local data for cssesc@https://registry.npmjs.org/cssesc/-/cssesc-3.0.0.tgz. Extracting by manifest.
503 silly tarball no local data for camelcase-css@https://registry.npmjs.org/camelcase-css/-/camelcase-css-2.0.1.tgz. Extracting by manifest.
504 silly tarball no local data for read-cache@https://registry.npmjs.org/read-cache/-/read-cache-1.0.0.tgz. Extracting by manifest.
505 silly tarball no local data for binary-extensions@https://registry.npmjs.org/binary-extensions/-/binary-extensions-2.3.0.tgz. Extracting by manifest.
506 silly tarball no local data for to-regex-range@https://registry.npmjs.org/to-regex-range/-/to-regex-range-5.0.1.tgz. Extracting by manifest.
507 silly tarball no local data for reusify@https://registry.npmjs.org/reusify/-/reusify-1.1.0.tgz. Extracting by manifest.
508 silly tarball no local data for is-extglob@https://registry.npmjs.org/is-extglob/-/is-extglob-2.1.1.tgz. Extracting by manifest.
509 silly tarball no local data for run-parallel@https://registry.npmjs.org/run-parallel/-/run-parallel-1.2.0.tgz. Extracting by manifest.
510 silly tarball no local data for @nodelib/fs.scandir@https://registry.npmjs.org/@nodelib/fs.scandir/-/fs.scandir-2.1.5.tgz. Extracting by manifest.
511 silly tarball no local data for fastq@https://registry.npmjs.org/fastq/-/fastq-1.20.1.tgz. Extracting by manifest.
512 silly tarball no local data for @nodelib/fs.stat@https://registry.npmjs.org/@nodelib/fs.stat/-/fs.stat-2.0.5.tgz. Extracting by manifest.
513 silly tarball no local data for merge2@https://registry.npmjs.org/merge2/-/merge2-1.4.1.tgz. Extracting by manifest.
514 silly tarball no local data for @nodelib/fs.walk@https://registry.npmjs.org/@nodelib/fs.walk/-/fs.walk-1.2.8.tgz. Extracting by manifest.
515 silly tarball no local data for fill-range@https://registry.npmjs.org/fill-range/-/fill-range-7.1.1.tgz. Extracting by manifest.
516 silly tarball no local data for picomatch@https://registry.npmjs.org/picomatch/-/picomatch-2.3.1.tgz. Extracting by manifest.
517 silly tarball no local data for readdirp@https://registry.npmjs.org/readdirp/-/readdirp-3.6.0.tgz. Extracting by manifest.
518 silly tarball no local data for is-binary-path@https://registry.npmjs.org/is-binary-path/-/is-binary-path-2.1.0.tgz. Extracting by manifest.
519 silly tarball no local data for braces@https://registry.npmjs.org/braces/-/braces-3.0.3.tgz. Extracting by manifest.
520 silly tarball no local data for anymatch@https://registry.npmjs.org/anymatch/-/anymatch-3.1.3.tgz. Extracting by manifest.
521 silly tarball no local data for sucrase@https://registry.npmjs.org/sucrase/-/sucrase-3.35.1.tgz. Extracting by manifest.
522 silly tarball no local data for resolve@https://registry.npmjs.org/resolve/-/resolve-1.22.11.tgz. Extracting by manifest.
523 silly tarball no local data for postcss-selector-parser@https://registry.npmjs.org/postcss-selector-parser/-/postcss-selector-parser-6.1.2.tgz. Extracting by manifest.
524 silly tarball no local data for postcss-nested@https://registry.npmjs.org/postcss-nested/-/postcss-nested-6.2.0.tgz. Extracting by manifest.
525 silly tarball no local data for postcss-load-config@https://registry.npmjs.org/postcss-load-config/-/postcss-load-config-6.0.1.tgz. Extracting by manifest.
526 silly tarball no local data for postcss-js@https://registry.npmjs.org/postcss-js/-/postcss-js-4.1.0.tgz. Extracting by manifest.
527 silly tarball no local data for postcss-import@https://registry.npmjs.org/postcss-import/-/postcss-import-15.1.0.tgz. Extracting by manifest.
528 silly tarball no local data for object-hash@https://registry.npmjs.org/object-hash/-/object-hash-3.0.0.tgz. Extracting by manifest.
529 silly tarball no local data for normalize-path@https://registry.npmjs.org/normalize-path/-/normalize-path-3.0.0.tgz. Extracting by manifest.
530 silly tarball no local data for micromatch@https://registry.npmjs.org/micromatch/-/micromatch-4.0.8.tgz. Extracting by manifest.
531 silly tarball no local data for lilconfig@https://registry.npmjs.org/lilconfig/-/lilconfig-3.1.3.tgz. Extracting by manifest.
532 silly tarball no local data for is-glob@https://registry.npmjs.org/is-glob/-/is-glob-4.0.3.tgz. Extracting by manifest.
533 silly tarball no local data for glob-parent@https://registry.npmjs.org/glob-parent/-/glob-parent-6.0.2.tgz. Extracting by manifest.
534 silly tarball no local data for fast-glob@https://registry.npmjs.org/fast-glob/-/fast-glob-3.3.3.tgz. Extracting by manifest.
535 silly tarball no local data for dlv@https://registry.npmjs.org/dlv/-/dlv-1.1.3.tgz. Extracting by manifest.
536 silly tarball no local data for didyoumean@https://registry.npmjs.org/didyoumean/-/didyoumean-1.2.2.tgz. Extracting by manifest.
537 silly tarball no local data for @types/prop-types@https://registry.npmjs.org/@types/prop-types/-/prop-types-15.7.15.tgz. Extracting by manifest.
538 silly tarball no local data for arg@https://registry.npmjs.org/arg/-/arg-5.0.2.tgz. Extracting by manifest.
539 silly tarball no local data for chokidar@https://registry.npmjs.org/chokidar/-/chokidar-3.6.0.tgz. Extracting by manifest.
540 silly tarball no local data for undici-types@https://registry.npmjs.org/undici-types/-/undici-types-6.21.0.tgz. Extracting by manifest.
541 silly tarball no local data for tailwindcss@https://registry.npmjs.org/tailwindcss/-/tailwindcss-3.4.19.tgz. Extracting by manifest.
542 silly tarball no local data for @types/react-dom@https://registry.npmjs.org/@types/react-dom/-/react-dom-18.3.7.tgz. Extracting by manifest.
543 silly tarball no local data for @types/react@https://registry.npmjs.org/@types/react/-/react-18.3.28.tgz. Extracting by manifest.
544 silly tarball no local data for fdir@https://registry.npmjs.org/fdir/-/fdir-6.5.0.tgz. Extracting by manifest.
545 silly tarball no local data for @types/node@https://registry.npmjs.org/@types/node/-/node-20.19.37.tgz. Extracting by manifest.
546 silly tarball no local data for picomatch@https://registry.npmjs.org/picomatch/-/picomatch-4.0.3.tgz. Extracting by manifest.
547 silly tarball no local data for glob-parent@https://registry.npmjs.org/glob-parent/-/glob-parent-5.1.2.tgz. Extracting by manifest.
548 silly tarball no local data for glob-parent@https://registry.npmjs.org/glob-parent/-/glob-parent-5.1.2.tgz. Extracting by manifest.
549 silly tarball no local data for jiti@https://registry.npmjs.org/jiti/-/jiti-1.21.7.tgz. Extracting by manifest.
550 http fetch GET 200 https://registry.npmjs.org/is-number/-/is-number-7.0.0.tgz 122ms (cache miss)
551 http fetch GET 200 https://registry.npmjs.org/thenify/-/thenify-3.3.1.tgz 123ms (cache miss)
552 http fetch GET 200 https://registry.npmjs.org/thenify-all/-/thenify-all-1.6.0.tgz 171ms (cache miss)
553 http fetch GET 200 https://registry.npmjs.org/object-assign/-/object-assign-4.1.1.tgz 194ms (cache miss)
554 http fetch GET 200 https://registry.npmjs.org/supports-preserve-symlinks-flag/-/supports-preserve-symlinks-flag-1.0.0.tgz 190ms (cache miss)
555 http fetch GET 200 https://registry.npmjs.org/is-core-module/-/is-core-module-2.16.1.tgz 195ms (cache miss)
556 http fetch GET 200 https://registry.npmjs.org/tinyglobby/-/tinyglobby-0.2.15.tgz 229ms (cache miss)
557 http fetch GET 200 https://registry.npmjs.org/cssesc/-/cssesc-3.0.0.tgz 276ms (cache miss)
558 http fetch GET 200 https://registry.npmjs.org/pify/-/pify-2.3.0.tgz 292ms (cache miss)
559 http fetch GET 200 https://registry.npmjs.org/camelcase-css/-/camelcase-css-2.0.1.tgz 310ms (cache miss)
560 http fetch GET 200 https://registry.npmjs.org/path-parse/-/path-parse-1.0.7.tgz 325ms (cache miss)
561 http fetch GET 200 https://registry.npmjs.org/pirates/-/pirates-4.0.7.tgz 338ms (cache miss)
562 http fetch POST 200 https://registry.npmjs.org/-/npm/v1/security/advisories/bulk 369ms
563 silly audit report {
563 silly audit report   next: [
563 silly audit report     {
563 silly audit report       id: 1099638,
563 silly audit report       url: 'https://github.com/advisories/GHSA-gp8f-8m3g-qvj9',
563 silly audit report       title: 'Next.js Cache Poisoning',
563 silly audit report       severity: 'high',
563 silly audit report       vulnerable_versions: '>=14.0.0 <14.2.10',
563 silly audit report       cwe: [Array],
563 silly audit report       cvss: [Object]
563 silly audit report     },
563 silly audit report     {
563 silly audit report       id: 1100421,
563 silly audit report       url: 'https://github.com/advisories/GHSA-g77x-44xx-532m',
563 silly audit report       title: 'Denial of Service condition in Next.js image optimization',
563 silly audit report       severity: 'moderate',
563 silly audit report       vulnerable_versions: '>=10.0.0 <14.2.7',
563 silly audit report       cwe: [Array],
563 silly audit report       cvss: [Object]
563 silly audit report     },
563 silly audit report     {
563 silly audit report       id: 1101438,
563 silly audit report       url: 'https://github.com/advisories/GHSA-7m27-7ghc-44w9',
563 silly audit report       title: 'Next.js Allows a Denial of Service (DoS) with Server Actions',
563 silly audit report       severity: 'moderate',
563 silly audit report       vulnerable_versions: '>=14.0.0 <14.2.21',
563 silly audit report       cwe: [Array],
563 silly audit report       cvss: [Object]
563 silly audit report     },
563 silly audit report     {
563 silly audit report       id: 1105461,
563 silly audit report       url: 'https://github.com/advisories/GHSA-3h52-269p-cp9r',
563 silly audit report       title: 'Information exposure in Next.js dev server due to lack of origin verification',
563 silly audit report       severity: 'low',
563 silly audit report       vulnerable_versions: '>=13.0 <14.2.30',
563 silly audit report       cwe: [Array],
563 silly audit report       cvss: [Object]
563 silly audit report     },
563 silly audit report     {
563 silly audit report       id: 1111391,
563 silly audit report       url: 'https://github.com/advisories/GHSA-mwv6-3258-q52c',
563 silly audit report       title: 'Next Vulnerable to Denial of Service with Server Components',
563 silly audit report       severity: 'high',
563 silly audit report       vulnerable_versions: '>=13.3.0 <14.2.34',
563 silly audit report       cwe: [Array],
563 silly audit report       cvss: [Object]
563 silly audit report     },
563 silly audit report     {
563 silly audit report       id: 1107226,
563 silly audit report       url: 'https://github.com/advisories/GHSA-g5qg-72qw-gw5v',
563 silly audit report       title: 'Next.js Affected by Cache Key Confusion for Image Optimization API Routes',
563 silly audit report       severity: 'moderate',
563 silly audit report       vulnerable_versions: '>=0.9.9 <14.2.31',
563 silly audit report       cwe: [Array],
563 silly audit report       cvss: [Object]
563 silly audit report     },
563 silly audit report     {
563 silly audit report       id: 1107420,
563 silly audit report       url: 'https://github.com/advisories/GHSA-7gfc-8cq8-jh5f',
563 silly audit report       title: 'Next.js authorization bypass vulnerability',
563 silly audit report       severity: 'high',
563 silly audit report       vulnerable_versions: '>=9.5.5 <14.2.15',
563 silly audit report       cwe: [Array],
563 silly audit report       cvss: [Object]
563 silly audit report     },
563 silly audit report     {
563 silly audit report       id: 1107512,
563 silly audit report       url: 'https://github.com/advisories/GHSA-4342-x723-ch2f',
563 silly audit report       title: 'Next.js Improper Middleware Redirect Handling Leads to SSRF',
563 silly audit report       severity: 'moderate',
563 silly audit report       vulnerable_versions: '>=0.9.9 <14.2.32',
563 silly audit report       cwe: [Array],
563 silly audit report       cvss: [Object]
563 silly audit report     },
563 silly audit report     {
563 silly audit report       id: 1107513,
563 silly audit report       url: 'https://github.com/advisories/GHSA-xv57-4mr9-wg8v',
563 silly audit report       title: 'Next.js Content Injection Vulnerability for Image Optimization',
563 silly audit report       severity: 'moderate',
563 silly audit report       vulnerable_versions: '>=0.9.9 <14.2.31',
563 silly audit report       cwe: [Array],
563 silly audit report       cvss: [Object]
563 silly audit report     },
563 silly audit report     {
563 silly audit report       id: 1112182,
563 silly audit report       url: 'https://github.com/advisories/GHSA-5j59-xgg2-r9c4',
563 silly audit report       title: 'Next has a Denial of Service with Server Components - Incomplete Fix Follow-Up',
563 silly audit report       severity: 'high',
563 silly audit report       vulnerable_versions: '>=13.3.1-canary.0 <14.2.35',
563 silly audit report       cwe: [Array],
563 silly audit report       cvss: [Object]
563 silly audit report     },
563 silly audit report     {
563 silly audit report       id: 1108291,
563 silly audit report       url: 'https://github.com/advisories/GHSA-qpjv-v59x-3qc4',
563 silly audit report       title: 'Next.js Race Condition to Cache Poisoning',
563 silly audit report       severity: 'low',
563 silly audit report       vulnerable_versions: '>=0.9.9 <14.2.24',
563 silly audit report       cwe: [Array],
563 silly audit report       cvss: [Object]
563 silly audit report     },
563 silly audit report     {
563 silly audit report       id: 1112593,
563 silly audit report       url: 'https://github.com/advisories/GHSA-9g9p-9gw9-jx7f',
563 silly audit report       title: 'Next.js self-hosted applications vulnerable to DoS via Image Optimizer remotePatterns configuration',
563 silly audit report       severity: 'moderate',
563 silly audit report       vulnerable_versions: '>=10.0.0 <15.5.10',
563 silly audit report       cwe: [Array],
563 silly audit report       cvss: [Object]
563 silly audit report     },
563 silly audit report     {
563 silly audit report       id: 1112653,
563 silly audit report       url: 'https://github.com/advisories/GHSA-h25m-26qc-wcjf',
563 silly audit report       title: 'Next.js HTTP request deserialization can lead to DoS when using insecure React Server Components',
563 silly audit report       severity: 'high',
563 silly audit report       vulnerable_versions: '>=13.0.0 <15.0.8',
563 silly audit report       cwe: [Array],
563 silly audit report       cvss: [Object]
563 silly audit report     },
563 silly audit report     {
563 silly audit report       id: 1113689,
563 silly audit report       url: 'https://github.com/advisories/GHSA-f82v-jwr5-mffw',
563 silly audit report       title: 'Authorization Bypass in Next.js Middleware',
563 silly audit report       severity: 'critical',
563 silly audit report       vulnerable_versions: '>=14.0.0 <14.2.25',
563 silly audit report       cwe: [Array],
563 silly audit report       cvss: [Object]
563 silly audit report     },
563 silly audit report     {
563 silly audit report       id: 1114897,
563 silly audit report       url: 'https://github.com/advisories/GHSA-ggv3-7p47-pfv8',
563 silly audit report       title: 'Next.js: HTTP request smuggling in rewrites',
563 silly audit report       severity: 'moderate',
563 silly audit report       vulnerable_versions: '>=9.5.0 <15.5.13',
563 silly audit report       cwe: [Array],
563 silly audit report       cvss: [Object]
563 silly audit report     },
563 silly audit report     {
563 silly audit report       id: 1114940,
563 silly audit report       url: 'https://github.com/advisories/GHSA-3x4c-7xq6-9pq8',
563 silly audit report       title: 'Next.js: Unbounded next/image disk cache growth can exhaust storage',
563 silly audit report       severity: 'moderate',
563 silly audit report       vulnerable_versions: '>=10.0.0 <15.5.14',
563 silly audit report       cwe: [Array],
563 silly audit report       cvss: [Object]
563 silly audit report     }
563 silly audit report   ]
563 silly audit report }
564 silly packumentCache corgi:https://registry.npmjs.org/next cache-miss
565 http fetch GET 200 https://registry.npmjs.org/util-deprecate/-/util-deprecate-1.0.2.tgz 372ms (cache miss)
566 http fetch GET 200 https://registry.npmjs.org/read-cache/-/read-cache-1.0.0.tgz 387ms (cache miss)
567 http fetch GET 200 https://registry.npmjs.org/ts-interface-checker/-/ts-interface-checker-0.1.13.tgz 395ms (cache miss)
568 http fetch GET 200 https://registry.npmjs.org/binary-extensions/-/binary-extensions-2.3.0.tgz 636ms (cache miss)
569 http fetch GET 200 https://registry.npmjs.org/run-parallel/-/run-parallel-1.2.0.tgz 650ms (cache miss)
570 http fetch GET 200 https://registry.npmjs.org/is-extglob/-/is-extglob-2.1.1.tgz 653ms (cache miss)
571 http fetch GET 200 https://registry.npmjs.org/lines-and-columns/-/lines-and-columns-1.2.4.tgz 663ms (cache miss)
572 http fetch GET 200 https://registry.npmjs.org/merge2/-/merge2-1.4.1.tgz 663ms (cache miss)
573 http fetch GET 200 https://registry.npmjs.org/queue-microtask/-/queue-microtask-1.2.3.tgz 671ms (cache miss)
574 http fetch GET 200 https://registry.npmjs.org/fill-range/-/fill-range-7.1.1.tgz 668ms (cache miss)
575 http fetch GET 200 https://registry.npmjs.org/to-regex-range/-/to-regex-range-5.0.1.tgz 673ms (cache miss)
576 http fetch GET 200 https://registry.npmjs.org/readdirp/-/readdirp-3.6.0.tgz 686ms (cache miss)
577 http fetch GET 200 https://registry.npmjs.org/reusify/-/reusify-1.1.0.tgz 741ms (cache miss)
578 http fetch GET 200 https://registry.npmjs.org/hasown/-/hasown-2.0.2.tgz 801ms (cache miss)
579 http fetch GET 200 https://registry.npmjs.org/mz/-/mz-2.7.0.tgz 853ms (cache miss)
580 http fetch GET 200 https://registry.npmjs.org/is-binary-path/-/is-binary-path-2.1.0.tgz 843ms (cache miss)
581 http fetch GET 200 https://registry.npmjs.org/anymatch/-/anymatch-3.1.3.tgz 854ms (cache miss)
582 http fetch GET 200 https://registry.npmjs.org/normalize-path/-/normalize-path-3.0.0.tgz 852ms (cache miss)
583 http fetch GET 200 https://registry.npmjs.org/@nodelib/fs.scandir/-/fs.scandir-2.1.5.tgz 866ms (cache miss)
584 http fetch GET 200 https://registry.npmjs.org/postcss-nested/-/postcss-nested-6.2.0.tgz 860ms (cache miss)
585 http fetch GET 200 https://registry.npmjs.org/function-bind/-/function-bind-1.1.2.tgz 874ms (cache miss)
586 http fetch GET 200 https://registry.npmjs.org/commander/-/commander-4.1.1.tgz 875ms (cache miss)
587 http fetch GET 200 https://registry.npmjs.org/@nodelib/fs.stat/-/fs.stat-2.0.5.tgz 870ms (cache miss)
588 http fetch GET 200 https://registry.npmjs.org/lilconfig/-/lilconfig-3.1.3.tgz 982ms (cache miss)
589 http fetch GET 200 https://registry.npmjs.org/glob-parent/-/glob-parent-6.0.2.tgz 986ms (cache miss)
590 http fetch GET 200 https://registry.npmjs.org/fastq/-/fastq-1.20.1.tgz 999ms (cache miss)
591 http fetch GET 200 https://registry.npmjs.org/@nodelib/fs.walk/-/fs.walk-1.2.8.tgz 997ms (cache miss)
592 http fetch GET 200 https://registry.npmjs.org/is-glob/-/is-glob-4.0.3.tgz 997ms (cache miss)
593 http fetch GET 200 https://registry.npmjs.org/glob-parent/-/glob-parent-5.1.2.tgz 1003ms (cache miss)
594 http fetch GET 200 https://registry.npmjs.org/postcss-js/-/postcss-js-4.1.0.tgz 1017ms (cache miss)
595 http fetch GET 200 https://registry.npmjs.org/glob-parent/-/glob-parent-5.1.2.tgz 1010ms (cache miss)
596 http fetch GET 200 https://registry.npmjs.org/didyoumean/-/didyoumean-1.2.2.tgz 1021ms (cache miss)
597 http fetch GET 200 https://registry.npmjs.org/micromatch/-/micromatch-4.0.8.tgz 1026ms (cache miss)
598 http fetch GET 200 https://registry.npmjs.org/picomatch/-/picomatch-2.3.1.tgz 1034ms (cache miss)
599 http fetch GET 200 https://registry.npmjs.org/arg/-/arg-5.0.2.tgz 1028ms (cache miss)
600 http fetch GET 200 https://registry.npmjs.org/next 759ms (cache revalidated)
601 silly packumentCache corgi:https://registry.npmjs.org/next set size:24403110 disposed:false
602 http fetch GET 200 https://registry.npmjs.org/postcss-load-config/-/postcss-load-config-6.0.1.tgz 2163ms (cache miss)
603 http fetch GET 200 https://registry.npmjs.org/fdir/-/fdir-6.5.0.tgz 2181ms (cache miss)
604 http fetch GET 200 https://registry.npmjs.org/postcss-import/-/postcss-import-15.1.0.tgz 2202ms (cache miss)
605 http fetch GET 200 https://registry.npmjs.org/@types/prop-types/-/prop-types-15.7.15.tgz 2202ms (cache miss)
606 http fetch GET 200 https://registry.npmjs.org/chokidar/-/chokidar-3.6.0.tgz 2201ms (cache miss)
607 http fetch GET 200 https://registry.npmjs.org/dlv/-/dlv-1.1.3.tgz 2204ms (cache miss)
608 http fetch GET 200 https://registry.npmjs.org/braces/-/braces-3.0.3.tgz 2211ms (cache miss)
609 http fetch GET 200 https://registry.npmjs.org/@types/react-dom/-/react-dom-18.3.7.tgz 2238ms (cache miss)
610 http fetch GET 200 https://registry.npmjs.org/object-hash/-/object-hash-3.0.0.tgz 2247ms (cache miss)
611 http fetch GET 200 https://registry.npmjs.org/picomatch/-/picomatch-4.0.3.tgz 2261ms (cache miss)
612 http fetch GET 200 https://registry.npmjs.org/any-promise/-/any-promise-1.3.0.tgz 2337ms (cache miss)
613 http fetch GET 200 https://registry.npmjs.org/@types/react/-/react-18.3.28.tgz 2383ms (cache miss)
614 http fetch GET 200 https://registry.npmjs.org/undici-types/-/undici-types-6.21.0.tgz 2468ms (cache miss)
615 http fetch GET 200 https://registry.npmjs.org/jiti/-/jiti-1.21.7.tgz 2614ms (cache miss)
616 http fetch GET 200 https://registry.npmjs.org/postcss-selector-parser/-/postcss-selector-parser-6.1.2.tgz 2870ms (cache miss)
617 http fetch GET 200 https://registry.npmjs.org/fast-glob/-/fast-glob-3.3.3.tgz 2962ms (cache miss)
618 http fetch GET 200 https://registry.npmjs.org/@types/node/-/node-20.19.37.tgz 3158ms (cache miss)
619 http fetch GET 200 https://registry.npmjs.org/resolve/-/resolve-1.22.11.tgz 3192ms (cache miss)
620 http fetch GET 200 https://registry.npmjs.org/sucrase/-/sucrase-3.35.1.tgz 3786ms (cache miss)
621 http fetch GET 200 https://registry.npmjs.org/tailwindcss/-/tailwindcss-3.4.19.tgz 3827ms (cache miss)
622 silly ADD node_modules/is-number
623 silly ADD node_modules/thenify
624 silly ADD node_modules/thenify-all
625 silly ADD node_modules/object-assign
626 silly ADD node_modules/any-promise
627 silly ADD node_modules/ts-interface-checker
628 silly ADD node_modules/tinyglobby
629 silly ADD node_modules/tinyglobby/node_modules/picomatch
630 silly ADD node_modules/tinyglobby/node_modules/fdir
631 silly ADD node_modules/pirates
632 silly ADD node_modules/mz
633 silly ADD node_modules/lines-and-columns
634 silly ADD node_modules/commander
635 silly ADD node_modules/queue-microtask
636 silly ADD node_modules/function-bind
637 silly ADD node_modules/hasown
638 silly ADD node_modules/supports-preserve-symlinks-flag
639 silly ADD node_modules/path-parse
640 silly ADD node_modules/is-core-module
641 silly ADD node_modules/pify
642 silly ADD node_modules/util-deprecate
643 silly ADD node_modules/cssesc
644 silly ADD node_modules/camelcase-css
645 silly ADD node_modules/read-cache
646 silly ADD node_modules/is-extglob
647 silly ADD node_modules/binary-extensions
648 silly ADD node_modules/to-regex-range
649 silly ADD node_modules/reusify
650 silly ADD node_modules/run-parallel
651 silly ADD node_modules/fastq
652 silly ADD node_modules/@nodelib/fs.scandir
653 silly ADD node_modules/merge2
654 silly ADD node_modules/@nodelib/fs.walk
655 silly ADD node_modules/@nodelib/fs.stat
656 silly ADD node_modules/fill-range
657 silly ADD node_modules/picomatch
658 silly ADD node_modules/readdirp
659 silly ADD node_modules/is-binary-path
660 silly ADD node_modules/braces
661 silly ADD node_modules/anymatch
662 silly ADD node_modules/sucrase
663 silly ADD node_modules/resolve
664 silly ADD node_modules/postcss-selector-parser
665 silly ADD node_modules/postcss-nested
666 silly ADD node_modules/postcss-load-config
667 silly ADD node_modules/postcss-js
668 silly ADD node_modules/postcss-import
669 silly ADD node_modules/object-hash
670 silly ADD node_modules/normalize-path
671 silly ADD node_modules/micromatch
672 silly ADD node_modules/lilconfig
673 silly ADD node_modules/is-glob
674 silly ADD node_modules/glob-parent
675 silly ADD node_modules/fast-glob
676 silly ADD node_modules/fast-glob/node_modules/glob-parent
677 silly ADD node_modules/dlv
678 silly ADD node_modules/didyoumean
679 silly ADD node_modules/chokidar
680 silly ADD node_modules/chokidar/node_modules/glob-parent
681 silly ADD node_modules/arg
682 silly ADD node_modules/@types/prop-types
683 silly ADD node_modules/@types/react-dom
684 silly CHANGE node_modules/undici-types
685 silly REMOVE node_modules/tapable
686 silly CHANGE node_modules/tailwindcss
687 silly ADD node_modules/tailwindcss/node_modules/jiti
688 silly REMOVE node_modules/magic-string
689 silly REMOVE node_modules/lightningcss-win32-x64-msvc
690 silly REMOVE node_modules/lightningcss
691 silly REMOVE node_modules/jiti
692 silly REMOVE node_modules/enhanced-resolve
693 silly REMOVE node_modules/detect-libc
694 silly CHANGE node_modules/@types/react
695 silly CHANGE node_modules/@types/node
696 silly REMOVE node_modules/@tailwindcss/postcss
697 silly REMOVE node_modules/@tailwindcss/oxide-win32-x64-msvc
698 silly REMOVE node_modules/@tailwindcss/oxide
699 silly REMOVE node_modules/@tailwindcss/node
700 silly REMOVE node_modules/@jridgewell/remapping
701 verbose cwd D:\Vitor_Tec\JVBSystem\website_jvbsystem
702 verbose os Windows_NT 10.0.26200
703 verbose node v24.11.1
704 verbose npm  v11.11.0
705 verbose exit 0
706 info ok
