0 verbose cli C:\Program Files\nodejs\node.exe C:\Users\Usuário\AppData\Roaming\npm\node_modules\npm\bin\npm-cli.js
1 info using npm@11.11.0
2 info using node@v24.11.1
3 silly config load:file:C:\Users\Usuário\AppData\Roaming\npm\node_modules\npm\npmrc
4 silly config load:file:d:\Vitor_Tec\JVBSystem\website_jvbsystem\.npmrc
5 silly config load:file:C:\Users\Usuário\.npmrc
6 silly config load:file:C:\Users\Usuário\AppData\Roaming\npm\etc\npmrc
7 verbose title npm view postcss description dist-tags.latest homepage version time
8 verbose argv "view" "--json" "--" "postcss" "description" "dist-tags.latest" "homepage" "version" "time"
9 verbose logfile logs-max:10 dir:D:\Vitor_Tec\JVBSystem\website_jvbsystem\npm-cache\_logs\2026-03-22T14_21_13_602Z-
10 verbose logfile D:\Vitor_Tec\JVBSystem\website_jvbsystem\npm-cache\_logs\2026-03-22T14_21_13_602Z-debug-0.log
11 silly logfile start cleaning logs, removing 1 files
12 silly logfile done cleaning log files
13 http fetch GET 200 https://registry.npmjs.org/postcss 428ms (cache revalidated)
14 verbose cwd d:\Vitor_Tec\JVBSystem\website_jvbsystem
15 verbose os Windows_NT 10.0.26200
16 verbose node v24.11.1
17 verbose npm  v11.11.0
18 verbose exit 0
19 info ok
